<?xml version="1.0" encoding="UTF-8"?>
<testng-results skipped="0" failed="0" ignored="0" total="1" passed="1">
  <reporter-output>
  </reporter-output>
  <suite name="Suite" duration-ms="144824" started-at="2020-09-27T07:57:26Z" finished-at="2020-09-27T07:59:51Z">
    <groups>
      <group name="cucumber">
        <method signature="AbstractTestNGCucumberTests.feature(cucumber.api.testng.CucumberFeatureWrapper)[pri:0, instance:runner.Runner@5b275dab]" name="feature" class="cucumber.api.testng.AbstractTestNGCucumberTests"/>
      </group> <!-- cucumber -->
    </groups>
    <test name="Test" duration-ms="144824" started-at="2020-09-27T07:57:26Z" finished-at="2020-09-27T07:59:51Z">
      <class name="runner.Runner">
        <test-method status="PASS" signature="ChromeNavigateURL()[pri:0, instance:runner.Runner@5b275dab]" name="ChromeNavigateURL" is-config="true" duration-ms="12239" started-at="2020-09-27T07:57:14Z" finished-at="2020-09-27T07:57:26Z">
          <reporter-output>
          </reporter-output>
        </test-method> <!-- ChromeNavigateURL -->
        <test-method status="PASS" signature="setUpClass()[pri:0, instance:runner.Runner@5b275dab]" name="setUpClass" is-config="true" duration-ms="372" started-at="2020-09-27T07:57:26Z" finished-at="2020-09-27T07:57:26Z">
          <reporter-output>
          </reporter-output>
        </test-method> <!-- setUpClass -->
        <test-method status="PASS" signature="feature(cucumber.api.testng.CucumberFeatureWrapper)[pri:0, instance:runner.Runner@5b275dab]" name="feature" duration-ms="144303" started-at="2020-09-27T07:57:27Z" description="Runs Cucumber Feature" data-provider="features" finished-at="2020-09-27T07:59:51Z">
          <params>
            <param index="0">
              <value>
                <![CDATA[Invalid Search (not exist course)]]>
              </value>
            </param>
          </params>
          <reporter-output>
          </reporter-output>
        </test-method> <!-- feature -->
        <test-method status="PASS" signature="tearDownClass()[pri:0, instance:runner.Runner@5b275dab]" name="tearDownClass" is-config="true" duration-ms="12" started-at="2020-09-27T07:59:51Z" finished-at="2020-09-27T07:59:51Z">
          <reporter-output>
          </reporter-output>
        </test-method> <!-- tearDownClass -->
      </class> <!-- runner.Runner -->
    </test> <!-- Test -->
  </suite> <!-- Suite -->
</testng-results>
